#
# There is insufficient memory for the Java Runtime Environment to continue.
# Native memory allocation (malloc) failed to allocate 211136 bytes. Error detail: Chunk::new
# Possible reasons:
#   The system is out of physical RAM or swap space
#   This process is running with CompressedOops enabled, and the Java Heap may be blocking the growth of the native heap
# Possible solutions:
#   Reduce memory load on the system
#   Increase physical memory or swap space
#   Check if swap backing store is full
#   Decrease Java heap size (-Xmx/-Xms)
#   Decrease number of Java threads
#   Decrease Java thread stack sizes (-Xss)
#   Set larger code cache with -XX:ReservedCodeCacheSize=
#   JVM is running with Unscaled Compressed Oops mode in which the Java heap is
#     placed in the first 4GB address space. The Java Heap base address is the
#     maximum limit for the native heap growth. Please use -XX:HeapBaseMinAddress
#     to set the Java Heap base and to place the Java Heap above 4GB virtual address.
# This output file may be truncated or incomplete.
#
#  Out of Memory Error (arena.cpp:168), pid=6192, tid=376
#
# JRE version: OpenJDK Runtime Environment Temurin-21.0.6+7 (21.0.6+7) (build 21.0.6+7-LTS)
# Java VM: OpenJDK 64-Bit Server VM Temurin-21.0.6+7 (21.0.6+7-LTS, mixed mode, sharing, tiered, compressed oops, compressed class ptrs, parallel gc, windows-amd64)
# No core dump will be written. Minidumps are not enabled by default on client versions of Windows
#

---------------  S U M M A R Y ------------

Command Line: --add-modules=ALL-SYSTEM --add-opens=java.base/java.util=ALL-UNNAMED --add-opens=java.base/java.lang=ALL-UNNAMED --add-opens=java.base/sun.nio.fs=ALL-UNNAMED -Declipse.application=org.eclipse.jdt.ls.core.id1 -Dosgi.bundles.defaultStartLevel=4 -Declipse.product=org.eclipse.jdt.ls.core.product -Djava.import.generatesMetadataFilesAtProjectRoot=false -DDetectVMInstallationsJob.disabled=true -Dfile.encoding=utf8 -XX:+UseParallelGC -XX:GCTimeRatio=4 -XX:AdaptiveSizePolicyWeight=90 -Dsun.zip.disableMemoryMapping=true -Xmx1G -Xms100m -Xlog:disable -javaagent:c:\Users\nasee\.vscode\extensions\redhat.java-1.40.0-win32-x64\lombok\lombok-1.18.36.jar c:\Users\nasee\.vscode\extensions\redhat.java-1.40.0-win32-x64\server\plugins\org.eclipse.equinox.launcher_1.6.1000.v20250131-0606.jar -configuration c:\Users\nasee\AppData\Roaming\Code\User\globalStorage\redhat.java\1.40.0\config_ss_win -data c:\Users\nasee\AppData\Roaming\Code\User\workspaceStorage\4858f5f2ca982cef4f4fac2776ddaaa4\redhat.java\ss_ws --pipe=\\.\pipe\lsp-6dc880a1ce123915daccbaaa0ec20655-sock

Host: AMD Ryzen 5 8645HS w/ Radeon 760M Graphics, 12 cores, 7G,  Windows 11 , 64 bit Build 26100 (10.0.26100.3323)
Time: Fri Mar 21 00:05:52 2025 Eastern Daylight Time elapsed time: 10.295386 seconds (0d 0h 0m 10s)

---------------  T H R E A D  ---------------

Current thread (0x000002235d991aa0):  JavaThread "C2 CompilerThread0" daemon [_thread_in_native, id=376, stack(0x00000084d9600000,0x00000084d9700000) (1024K)]


Current CompileTask:
C2:10295 2150       4       java.util.Properties::loadConvert (540 bytes)

Stack: [0x00000084d9600000,0x00000084d9700000]
Native frames: (J=compiled Java code, j=interpreted, Vv=VM code, C=native code)
V  [jvm.dll+0x6cdee9]
V  [jvm.dll+0x8a83d1]
V  [jvm.dll+0x8aa8fe]
V  [jvm.dll+0x8aafe3]
V  [jvm.dll+0x27f706]
V  [jvm.dll+0xc500d]
V  [jvm.dll+0xc5543]
V  [jvm.dll+0x2f2acd]
V  [jvm.dll+0x5f6a2a]
V  [jvm.dll+0x250bb2]
V  [jvm.dll+0x250f6f]
V  [jvm.dll+0x249834]
V  [jvm.dll+0x246ec4]
V  [jvm.dll+0x1c75ee]
V  [jvm.dll+0x25685a]
V  [jvm.dll+0x254dfa]
V  [jvm.dll+0x3f0256]
V  [jvm.dll+0x851f8b]
V  [jvm.dll+0x6cc5ed]
C  [ucrtbase.dll+0x37b0]
C  [KERNEL32.DLL+0x2e8d7]
C  [ntdll.dll+0xbbf6c]


---------------  P R O C E S S  ---------------

Threads class SMR info:
_java_thread_list=0x0000022362851bb0, length=18, elements={
0x000002230651ba00, 0x000002235d9844b0, 0x000002235d9856d0, 0x000002235d987980,
0x000002235d9895e0, 0x000002235d98c040, 0x000002235d98ca90, 0x000002235d991aa0,
0x000002235d9a82a0, 0x000002235da71180, 0x000002236205ff10, 0x0000022362805580,
0x0000022362c1a870, 0x0000022362c1aed0, 0x00000223621205a0, 0x000002235db6c280,
0x0000022362380080, 0x00000223623335f0
}

Java Threads: ( => current thread )
  0x000002230651ba00 JavaThread "main"                              [_thread_blocked, id=15768, stack(0x00000084d8c00000,0x00000084d8d00000) (1024K)]
  0x000002235d9844b0 JavaThread "Reference Handler"          daemon [_thread_blocked, id=25848, stack(0x00000084d9000000,0x00000084d9100000) (1024K)]
  0x000002235d9856d0 JavaThread "Finalizer"                  daemon [_thread_blocked, id=3112, stack(0x00000084d9100000,0x00000084d9200000) (1024K)]
  0x000002235d987980 JavaThread "Signal Dispatcher"          daemon [_thread_blocked, id=15364, stack(0x00000084d9200000,0x00000084d9300000) (1024K)]
  0x000002235d9895e0 JavaThread "Attach Listener"            daemon [_thread_blocked, id=21972, stack(0x00000084d9300000,0x00000084d9400000) (1024K)]
  0x000002235d98c040 JavaThread "Service Thread"             daemon [_thread_blocked, id=21796, stack(0x00000084d9400000,0x00000084d9500000) (1024K)]
  0x000002235d98ca90 JavaThread "Monitor Deflation Thread"   daemon [_thread_blocked, id=25272, stack(0x00000084d9500000,0x00000084d9600000) (1024K)]
=>0x000002235d991aa0 JavaThread "C2 CompilerThread0"         daemon [_thread_in_native, id=376, stack(0x00000084d9600000,0x00000084d9700000) (1024K)]
  0x000002235d9a82a0 JavaThread "C1 CompilerThread0"         daemon [_thread_blocked, id=20484, stack(0x00000084d9700000,0x00000084d9800000) (1024K)]
  0x000002235da71180 JavaThread "Common-Cleaner"             daemon [_thread_blocked, id=9132, stack(0x00000084d9800000,0x00000084d9900000) (1024K)]
  0x000002236205ff10 JavaThread "Notification Thread"        daemon [_thread_blocked, id=15384, stack(0x00000084d9a00000,0x00000084d9b00000) (1024K)]
  0x0000022362805580 JavaThread "Active Thread: Equinox Container: ae6b80f0-9928-48ca-a0bf-3dec40cb5dfc"        [_thread_blocked, id=20400, stack(0x00000084da100000,0x00000084da200000) (1024K)]
  0x0000022362c1a870 JavaThread "Framework Event Dispatcher: Equinox Container: ae6b80f0-9928-48ca-a0bf-3dec40cb5dfc" daemon [_thread_blocked, id=23480, stack(0x00000084d9900000,0x00000084d9a00000) (1024K)]
  0x0000022362c1aed0 JavaThread "Start Level: Equinox Container: ae6b80f0-9928-48ca-a0bf-3dec40cb5dfc" daemon [_thread_in_native, id=18096, stack(0x00000084da200000,0x00000084da300000) (1024K)]
  0x00000223621205a0 JavaThread "SCR Component Actor"        daemon [_thread_blocked, id=9560, stack(0x00000084da300000,0x00000084da400000) (1024K)]
  0x000002235db6c280 JavaThread "SCR Component Registry"     daemon [_thread_blocked, id=9828, stack(0x00000084da500000,0x00000084da600000) (1024K)]
  0x0000022362380080 JavaThread "C2 CompilerThread1"         daemon [_thread_blocked, id=20316, stack(0x00000084da600000,0x00000084da700000) (1024K)]
  0x00000223623335f0 JavaThread "Worker-JM"                         [_thread_blocked, id=24904, stack(0x00000084da700000,0x00000084da800000) (1024K)]
Total: 18

Other Threads:
  0x000002231a8f33b0 VMThread "VM Thread"                           [id=25476, stack(0x00000084d8f00000,0x00000084d9000000) (1024K)]
  0x0000022306588c10 WatcherThread "VM Periodic Task Thread"        [id=17164, stack(0x00000084d8e00000,0x00000084d8f00000) (1024K)]
  0x000002230653a250 WorkerThread "GC Thread#0"                     [id=22896, stack(0x00000084d8d00000,0x00000084d8e00000) (1024K)]
  0x000002235dcfc0c0 WorkerThread "GC Thread#1"                     [id=16180, stack(0x00000084d9b00000,0x00000084d9c00000) (1024K)]
  0x000002235dcfc460 WorkerThread "GC Thread#2"                     [id=2520, stack(0x00000084d9c00000,0x00000084d9d00000) (1024K)]
  0x000002235dcfc800 WorkerThread "GC Thread#3"                     [id=15672, stack(0x00000084d9d00000,0x00000084d9e00000) (1024K)]
  0x00000223622298e0 WorkerThread "GC Thread#4"                     [id=22584, stack(0x00000084d9e00000,0x00000084d9f00000) (1024K)]
  0x0000022362229c80 WorkerThread "GC Thread#5"                     [id=27504, stack(0x00000084d9f00000,0x00000084da000000) (1024K)]
  0x000002236222a020 WorkerThread "GC Thread#6"                     [id=18680, stack(0x00000084da000000,0x00000084da100000) (1024K)]
  0x000002236294b660 WorkerThread "GC Thread#7"                     [id=25928, stack(0x00000084da400000,0x00000084da500000) (1024K)]
Total: 10

Threads with active compile tasks:
C2 CompilerThread0  10319 2150       4       java.util.Properties::loadConvert (540 bytes)
Total: 1

VM state: not at safepoint (normal execution)

VM Mutex/Monitor currently owned by a thread: None

Heap address: 0x00000000c0000000, size: 1024 MB, Compressed Oops mode: 32-bit

CDS archive(s) mapped at: [0x000002231b000000-0x000002231bba0000-0x000002231bba0000), size 12189696, SharedBaseAddress: 0x000002231b000000, ArchiveRelocationMode: 1.
Compressed class space mapped at: 0x000002231c000000-0x000002235c000000, reserved size: 1073741824
Narrow klass base: 0x000002231b000000, Narrow klass shift: 0, Narrow klass range: 0x100000000

GC Precious Log:
 CardTable entry size: 512
 CPUs: 12 total, 12 available
 Memory: 7439M
 Large Page Support: Disabled
 NUMA Support: Disabled
 Compressed Oops: Enabled (32-bit)
 Alignments: Space 512K, Generation 512K, Heap 2M
 Heap Min Capacity: 100M
 Heap Initial Capacity: 100M
 Heap Max Capacity: 1G
 Pre-touch: Disabled
 Parallel Workers: 10

Heap:
 PSYoungGen      total 29696K, used 29222K [0x00000000eab00000, 0x00000000ecc00000, 0x0000000100000000)
  eden space 25600K, 98% used [0x00000000eab00000,0x00000000ec38f168,0x00000000ec400000)
  from space 4096K, 99% used [0x00000000ec800000,0x00000000ecbfa948,0x00000000ecc00000)
  to   space 4096K, 0% used [0x00000000ec400000,0x00000000ec400000,0x00000000ec800000)
 ParOldGen       total 68608K, used 845K [0x00000000c0000000, 0x00000000c4300000, 0x00000000eab00000)
  object space 68608K, 1% used [0x00000000c0000000,0x00000000c00d36b8,0x00000000c4300000)
 Metaspace       used 12821K, committed 13376K, reserved 1114112K
  class space    used 1294K, committed 1536K, reserved 1048576K

Card table byte_map: [0x0000022305ec0000,0x00000223060d0000] _byte_map_base: 0x00000223058c0000

Marking Bits: (ParMarkBitMap*) 0x00007fffe4313260
 Begin Bits: [0x0000022318710000, 0x0000022319710000)
 End Bits:   [0x0000022319710000, 0x000002231a710000)

Polling page: 0x0000022304350000

Metaspace:

Usage:
  Non-class:     11.26 MB used.
      Class:      1.26 MB used.
       Both:     12.52 MB used.

Virtual space:
  Non-class space:       64.00 MB reserved,      11.56 MB ( 18%) committed,  1 nodes.
      Class space:        1.00 GB reserved,       1.50 MB ( <1%) committed,  1 nodes.
             Both:        1.06 GB reserved,      13.06 MB (  1%) committed. 

Chunk freelists:
   Non-Class:  4.21 MB
       Class:  14.47 MB
        Both:  18.68 MB

MaxMetaspaceSize: unlimited
CompressedClassSpaceSize: 1.00 GB
Initial GC threshold: 21.00 MB
Current GC threshold: 21.00 MB
CDS: on
 - commit_granule_bytes: 65536.
 - commit_granule_words: 8192.
 - virtual_space_node_default_size: 8388608.
 - enlarge_chunks_in_place: 1.
 - use_allocation_guard: 0.


Internal statistics:

num_allocs_failed_limit: 0.
num_arena_births: 380.
num_arena_deaths: 0.
num_vsnodes_births: 2.
num_vsnodes_deaths: 0.
num_space_committed: 209.
num_space_uncommitted: 0.
num_chunks_returned_to_freelist: 0.
num_chunks_taken_from_freelist: 808.
num_chunk_merges: 0.
num_chunk_splits: 526.
num_chunks_enlarged: 329.
num_inconsistent_stats: 0.

CodeHeap 'non-profiled nmethods': size=120000Kb used=886Kb max_used=886Kb free=119113Kb
 bounds [0x00000223111e0000, 0x0000022311450000, 0x0000022318710000]
CodeHeap 'profiled nmethods': size=120000Kb used=4213Kb max_used=4213Kb free=115786Kb
 bounds [0x0000022309710000, 0x0000022309b30000, 0x0000022310c40000]
CodeHeap 'non-nmethods': size=5760Kb used=1258Kb max_used=1276Kb free=4501Kb
 bounds [0x0000022310c40000, 0x0000022310eb0000, 0x00000223111e0000]
 total_blobs=2751 nmethods=2232 adapters=425
 compilation: enabled
              stopped_count=0, restarted_count=0
 full_count=0

Compilation events (20 events):
Event: 8.287 Thread 0x000002235d9a82a0 nmethod 2173 0x0000022309b01c90 code [0x0000022309b01e40, 0x0000022309b02020]
Event: 8.287 Thread 0x000002235d9a82a0 2174       3       java.lang.invoke.DirectMethodHandle::rebind (5 bytes)
Event: 8.287 Thread 0x000002235d9a82a0 nmethod 2174 0x0000022309b02190 code [0x0000022309b02340, 0x0000022309b02478]
Event: 8.287 Thread 0x000002235d9a82a0 2170       1       java.lang.reflect.Field::getRoot (5 bytes)
Event: 8.287 Thread 0x000002235d9a82a0 nmethod 2170 0x00000223112b8a90 code [0x00000223112b8c20, 0x00000223112b8ce8]
Event: 8.287 Thread 0x000002235d9a82a0 2175       3       java.lang.invoke.MethodType::methodType (44 bytes)
Event: 8.287 Thread 0x000002235d9a82a0 nmethod 2175 0x0000022309b02510 code [0x0000022309b02700, 0x0000022309b02b70]
Event: 8.287 Thread 0x000002235d9a82a0 2178       3       java.lang.invoke.MethodHandle::asTypeUncached (54 bytes)
Event: 8.287 Thread 0x000002235d9a82a0 nmethod 2178 0x0000022309b02c90 code [0x0000022309b02f60, 0x0000022309b03a58]
Event: 8.287 Thread 0x000002235d9a82a0 2176       3       java.lang.invoke.DirectMethodHandle::make (21 bytes)
Event: 8.288 Thread 0x000002235d9a82a0 nmethod 2176 0x0000022309b03f10 code [0x0000022309b040c0, 0x0000022309b042a0]
Event: 8.288 Thread 0x000002235d9a82a0 2177       3       java.lang.invoke.DirectMethodHandle::shouldBeInitialized (117 bytes)
Event: 8.288 Thread 0x000002235d9a82a0 nmethod 2177 0x0000022309b04390 code [0x0000022309b045e0, 0x0000022309b04d90]
Event: 8.288 Thread 0x000002235d9a82a0 2179       3       java.lang.invoke.MethodType::isConvertibleTo (164 bytes)
Event: 8.288 Thread 0x000002235d9a82a0 nmethod 2179 0x0000022309b04f90 code [0x0000022309b051e0, 0x0000022309b05ab8]
Event: 8.289 Thread 0x000002235d9a82a0 2187       3       java.lang.invoke.MethodHandle::getApproximateCommonClassLoader (58 bytes)
Event: 8.290 Thread 0x000002235d9a82a0 nmethod 2187 0x0000022309b05d90 code [0x0000022309b06000, 0x0000022309b06af0]
Event: 8.290 Thread 0x000002235d9a82a0 2190       3       java.lang.invoke.MethodHandleImpl::computeValueConversions (121 bytes)
Event: 8.290 Thread 0x000002235d9a82a0 nmethod 2190 0x0000022309b06f10 code [0x0000022309b07120, 0x0000022309b078b8]
Event: 8.291 Thread 0x000002235d9a82a0 2189       3       java.lang.invoke.MethodHandleImpl::makePairwiseConvertByEditor (617 bytes)

GC Heap History (4 events):
Event: 0.999 GC heap before
{Heap before GC invocations=1 (full 0):
 PSYoungGen      total 29696K, used 25600K [0x00000000eab00000, 0x00000000ecc00000, 0x0000000100000000)
  eden space 25600K, 100% used [0x00000000eab00000,0x00000000ec400000,0x00000000ec400000)
  from space 4096K, 0% used [0x00000000ec800000,0x00000000ec800000,0x00000000ecc00000)
  to   space 4096K, 0% used [0x00000000ec400000,0x00000000ec400000,0x00000000ec800000)
 ParOldGen       total 68608K, used 0K [0x00000000c0000000, 0x00000000c4300000, 0x00000000eab00000)
  object space 68608K, 0% used [0x00000000c0000000,0x00000000c0000000,0x00000000c4300000)
 Metaspace       used 4343K, committed 4544K, reserved 1114112K
  class space    used 437K, committed 512K, reserved 1048576K
}
Event: 1.008 GC heap after
{Heap after GC invocations=1 (full 0):
 PSYoungGen      total 29696K, used 3182K [0x00000000eab00000, 0x00000000ecc00000, 0x0000000100000000)
  eden space 25600K, 0% used [0x00000000eab00000,0x00000000eab00000,0x00000000ec400000)
  from space 4096K, 77% used [0x00000000ec400000,0x00000000ec71baa0,0x00000000ec800000)
  to   space 4096K, 0% used [0x00000000ec800000,0x00000000ec800000,0x00000000ecc00000)
 ParOldGen       total 68608K, used 16K [0x00000000c0000000, 0x00000000c4300000, 0x00000000eab00000)
  object space 68608K, 0% used [0x00000000c0000000,0x00000000c0004000,0x00000000c4300000)
 Metaspace       used 4343K, committed 4544K, reserved 1114112K
  class space    used 437K, committed 512K, reserved 1048576K
}
Event: 7.685 GC heap before
{Heap before GC invocations=2 (full 0):
 PSYoungGen      total 29696K, used 28782K [0x00000000eab00000, 0x00000000ecc00000, 0x0000000100000000)
  eden space 25600K, 100% used [0x00000000eab00000,0x00000000ec400000,0x00000000ec400000)
  from space 4096K, 77% used [0x00000000ec400000,0x00000000ec71baa0,0x00000000ec800000)
  to   space 4096K, 0% used [0x00000000ec800000,0x00000000ec800000,0x00000000ecc00000)
 ParOldGen       total 68608K, used 16K [0x00000000c0000000, 0x00000000c4300000, 0x00000000eab00000)
  object space 68608K, 0% used [0x00000000c0000000,0x00000000c0004000,0x00000000c4300000)
 Metaspace       used 8155K, committed 8512K, reserved 1114112K
  class space    used 805K, committed 960K, reserved 1048576K
}
Event: 7.690 GC heap after
{Heap after GC invocations=2 (full 0):
 PSYoungGen      total 29696K, used 4074K [0x00000000eab00000, 0x00000000ecc00000, 0x0000000100000000)
  eden space 25600K, 0% used [0x00000000eab00000,0x00000000eab00000,0x00000000ec400000)
  from space 4096K, 99% used [0x00000000ec800000,0x00000000ecbfa948,0x00000000ecc00000)
  to   space 4096K, 0% used [0x00000000ec400000,0x00000000ec400000,0x00000000ec800000)
 ParOldGen       total 68608K, used 845K [0x00000000c0000000, 0x00000000c4300000, 0x00000000eab00000)
  object space 68608K, 1% used [0x00000000c0000000,0x00000000c00d36b8,0x00000000c4300000)
 Metaspace       used 8155K, committed 8512K, reserved 1114112K
  class space    used 805K, committed 960K, reserved 1048576K
}

Dll operation events (9 events):
Event: 0.030 Loaded shared library c:\Users\nasee\.vscode\extensions\redhat.java-1.40.0-win32-x64\jre\21.0.6-win32-x86_64\bin\java.dll
Event: 0.203 Loaded shared library c:\Users\nasee\.vscode\extensions\redhat.java-1.40.0-win32-x64\jre\21.0.6-win32-x86_64\bin\zip.dll
Event: 0.240 Loaded shared library C:\Users\nasee\.vscode\extensions\redhat.java-1.40.0-win32-x64\jre\21.0.6-win32-x86_64\bin\instrument.dll
Event: 0.245 Loaded shared library C:\Users\nasee\.vscode\extensions\redhat.java-1.40.0-win32-x64\jre\21.0.6-win32-x86_64\bin\net.dll
Event: 0.248 Loaded shared library C:\Users\nasee\.vscode\extensions\redhat.java-1.40.0-win32-x64\jre\21.0.6-win32-x86_64\bin\nio.dll
Event: 0.251 Loaded shared library C:\Users\nasee\.vscode\extensions\redhat.java-1.40.0-win32-x64\jre\21.0.6-win32-x86_64\bin\zip.dll
Event: 0.279 Loaded shared library C:\Users\nasee\.vscode\extensions\redhat.java-1.40.0-win32-x64\jre\21.0.6-win32-x86_64\bin\jimage.dll
Event: 0.352 Loaded shared library c:\Users\nasee\.vscode\extensions\redhat.java-1.40.0-win32-x64\jre\21.0.6-win32-x86_64\bin\verify.dll
Event: 7.621 Loaded shared library C:\Users\nasee\AppData\Roaming\Code\User\globalStorage\redhat.java\1.40.0\config_ss_win\org.eclipse.equinox.launcher\org.eclipse.equinox.launcher.win32.win32.x86_64_1.2.1200.v20250212-0927\eclipse_11909.dll

Deoptimization events (20 events):
Event: 7.996 Thread 0x0000022362c1aed0 Uncommon trap: trap_request=0xffffffc6 fr.pc=0x000002231129bf9c relative=0x000000000000131c
Event: 7.996 Thread 0x0000022362c1aed0 Uncommon trap: reason=bimorphic_or_optimized_type_check action=maybe_recompile pc=0x000002231129bf9c method=java.io.DataInputStream.readFully([BII)V @ 30 c2
Event: 7.996 Thread 0x0000022362c1aed0 DEOPT PACKING pc=0x000002231129bf9c sp=0x00000084da2fb2b0
Event: 7.996 Thread 0x0000022362c1aed0 DEOPT UNPACKING pc=0x0000022310c96da2 sp=0x00000084da2fb2a8 mode 2
Event: 7.996 Thread 0x0000022362c1aed0 Uncommon trap: trap_request=0xffffffc6 fr.pc=0x000002231129bf9c relative=0x000000000000131c
Event: 7.996 Thread 0x0000022362c1aed0 Uncommon trap: reason=bimorphic_or_optimized_type_check action=maybe_recompile pc=0x000002231129bf9c method=java.io.DataInputStream.readFully([BII)V @ 30 c2
Event: 7.996 Thread 0x0000022362c1aed0 DEOPT PACKING pc=0x000002231129bf9c sp=0x00000084da2fb2b0
Event: 7.996 Thread 0x0000022362c1aed0 DEOPT UNPACKING pc=0x0000022310c96da2 sp=0x00000084da2fb2a8 mode 2
Event: 8.168 Thread 0x0000022362c1aed0 Uncommon trap: trap_request=0xffffff45 fr.pc=0x00000223112353b8 relative=0x0000000000001a98
Event: 8.168 Thread 0x0000022362c1aed0 Uncommon trap: reason=unstable_if action=reinterpret pc=0x00000223112353b8 method=java.util.jar.Manifest$FastInputStream.readLine([BII)I @ 106 c2
Event: 8.168 Thread 0x0000022362c1aed0 DEOPT PACKING pc=0x00000223112353b8 sp=0x00000084da2fdc20
Event: 8.168 Thread 0x0000022362c1aed0 DEOPT UNPACKING pc=0x0000022310c96da2 sp=0x00000084da2fdb00 mode 2
Event: 8.168 Thread 0x0000022362c1aed0 Uncommon trap: trap_request=0xffffff45 fr.pc=0x00000223112399c8 relative=0x0000000000000468
Event: 8.168 Thread 0x0000022362c1aed0 Uncommon trap: reason=unstable_if action=reinterpret pc=0x00000223112399c8 method=java.util.jar.Manifest$FastInputStream.readLine([BII)I @ 106 c2
Event: 8.168 Thread 0x0000022362c1aed0 DEOPT PACKING pc=0x00000223112399c8 sp=0x00000084da2fdbc0
Event: 8.168 Thread 0x0000022362c1aed0 DEOPT UNPACKING pc=0x0000022310c96da2 sp=0x00000084da2fdaf8 mode 2
Event: 8.168 Thread 0x0000022362c1aed0 Uncommon trap: trap_request=0xffffff45 fr.pc=0x0000022311229bdc relative=0x000000000000047c
Event: 8.168 Thread 0x0000022362c1aed0 Uncommon trap: reason=unstable_if action=reinterpret pc=0x0000022311229bdc method=java.util.jar.Manifest$FastInputStream.readLine([BII)I @ 106 c2
Event: 8.168 Thread 0x0000022362c1aed0 DEOPT PACKING pc=0x0000022311229bdc sp=0x00000084da2fdb50
Event: 8.168 Thread 0x0000022362c1aed0 DEOPT UNPACKING pc=0x0000022310c96da2 sp=0x00000084da2fdb00 mode 2

Classes loaded (20 events):
Event: 8.200 Loading class java/time/Month
Event: 8.200 Loading class java/time/Month done
Event: 8.201 Loading class java/time/DayOfWeek
Event: 8.201 Loading class java/time/DayOfWeek done
Event: 8.201 Loading class java/time/zone/ZoneOffsetTransitionRule$TimeDefinition
Event: 8.201 Loading class java/time/zone/ZoneOffsetTransitionRule$TimeDefinition done
Event: 8.203 Loading class java/util/Formatter$FixedString
Event: 8.203 Loading class java/util/Formatter$FixedString done
Event: 8.222 Loading class java/util/concurrent/TimeoutException
Event: 8.222 Loading class java/util/concurrent/TimeoutException done
Event: 8.233 Loading class java/net/URISyntaxException
Event: 8.233 Loading class java/net/URISyntaxException done
Event: 8.261 Loading class java/util/PropertyResourceBundle
Event: 8.261 Loading class java/util/PropertyResourceBundle done
Event: 8.261 Loading class sun/util/PropertyResourceBundleCharset
Event: 8.261 Loading class sun/util/PropertyResourceBundleCharset done
Event: 8.261 Loading class sun/util/PropertyResourceBundleCharset$PropertiesFileDecoder
Event: 8.262 Loading class sun/util/PropertyResourceBundleCharset$PropertiesFileDecoder done
Event: 8.279 Loading class java/lang/AbstractMethodError
Event: 8.279 Loading class java/lang/AbstractMethodError done

Classes unloaded (0 events):
No events

Classes redefined (0 events):
No events

Internal exceptions (20 events):
Event: 1.047 Thread 0x000002230651ba00 Exception <a 'java/lang/NoSuchMethodError'{0x00000000eacee9f8}: 'java.lang.Object java.lang.invoke.DirectMethodHandle$Holder.invokeSpecial(java.lang.Object, java.lang.Object, java.lang.Object, java.lang.Object, long)'> (0x00000000eacee9f8) 
thrown [s\src\hotspot\share\interpreter\linkResolver.cpp, line 773]
Event: 1.049 Thread 0x000002230651ba00 Exception <a 'java/lang/NoSuchMethodError'{0x00000000eacfc8d0}: 'java.lang.Object java.lang.invoke.DirectMethodHandle$Holder.invokeSpecial(java.lang.Object, java.lang.Object, java.lang.Object, int, java.lang.Object)'> (0x00000000eacfc8d0) 
thrown [s\src\hotspot\share\interpreter\linkResolver.cpp, line 773]
Event: 1.052 Thread 0x000002230651ba00 Exception <a 'java/lang/NoSuchMethodError'{0x00000000ead162d0}: 'java.lang.Object java.lang.invoke.Invokers$Holder.invokeExact_MT(java.lang.Object, java.lang.Object, java.lang.Object, java.lang.Object, java.lang.Object, java.lang.Object)'> (0x00000000ead162d0) 
thrown [s\src\hotspot\share\interpreter\linkResolver.cpp, line 773]
Event: 1.056 Thread 0x000002230651ba00 Exception <a 'java/lang/NoSuchMethodError'{0x00000000ead2fb88}: 'int java.lang.invoke.DirectMethodHandle$Holder.invokeStaticInit(java.lang.Object, java.lang.Object, java.lang.Object, java.lang.Object)'> (0x00000000ead2fb88) 
thrown [s\src\hotspot\share\interpreter\linkResolver.cpp, line 773]
Event: 1.058 Thread 0x000002230651ba00 Exception <a 'java/lang/NoSuchMethodError'{0x00000000ead385d8}: 'java.lang.Object java.lang.invoke.DirectMethodHandle$Holder.invokeInterface(java.lang.Object, java.lang.Object)'> (0x00000000ead385d8) 
thrown [s\src\hotspot\share\interpreter\linkResolver.cpp, line 773]
Event: 1.058 Thread 0x000002230651ba00 Exception <a 'java/lang/IncompatibleClassChangeError'{0x00000000ead3bb10}: Found class java.lang.Object, but interface was expected> (0x00000000ead3bb10) 
thrown [s\src\hotspot\share\interpreter\linkResolver.cpp, line 840]
Event: 1.059 Thread 0x000002230651ba00 Exception <a 'java/lang/NoSuchMethodError'{0x00000000ead3fcc8}: 'void java.lang.invoke.DirectMethodHandle$Holder.invokeStatic(java.lang.Object, java.lang.Object)'> (0x00000000ead3fcc8) 
thrown [s\src\hotspot\share\interpreter\linkResolver.cpp, line 773]
Event: 1.060 Thread 0x000002230651ba00 Exception <a 'java/lang/NoSuchMethodError'{0x00000000ead43070}: 'void java.lang.invoke.DirectMethodHandle$Holder.invokeStaticInit(java.lang.Object, java.lang.Object)'> (0x00000000ead43070) 
thrown [s\src\hotspot\share\interpreter\linkResolver.cpp, line 773]
Event: 1.061 Thread 0x000002230651ba00 Exception <a 'java/lang/NoSuchMethodError'{0x00000000ead4a330}: 'int java.lang.invoke.DirectMethodHandle$Holder.invokeStaticInit(java.lang.Object, java.lang.Object)'> (0x00000000ead4a330) 
thrown [s\src\hotspot\share\interpreter\linkResolver.cpp, line 773]
Event: 1.124 Thread 0x000002230651ba00 Exception <a 'java/lang/NoSuchMethodError'{0x00000000eae884f0}: 'void java.lang.invoke.DirectMethodHandle$Holder.invokeSpecial(java.lang.Object, java.lang.Object, java.lang.Object)'> (0x00000000eae884f0) 
thrown [s\src\hotspot\share\interpreter\linkResolver.cpp, line 773]
Event: 1.305 Thread 0x000002230651ba00 Exception <a 'java/lang/NoSuchMethodError'{0x00000000eb743a80}: 'int java.lang.invoke.DirectMethodHandle$Holder.invokeVirtual(java.lang.Object, java.lang.Object)'> (0x00000000eb743a80) 
thrown [s\src\hotspot\share\interpreter\linkResolver.cpp, line 773]
Event: 1.373 Thread 0x000002230651ba00 Exception <a 'java/lang/NoSuchMethodError'{0x00000000ebaad8c0}: 'java.lang.Object java.lang.invoke.DirectMethodHandle$Holder.newInvokeSpecial(java.lang.Object, int, java.lang.Object)'> (0x00000000ebaad8c0) 
thrown [s\src\hotspot\share\interpreter\linkResolver.cpp, line 773]
Event: 1.402 Thread 0x000002230651ba00 Exception <a 'java/lang/NoSuchMethodError'{0x00000000ebc5f4e8}: 'java.lang.Object java.lang.invoke.DirectMethodHandle$Holder.newInvokeSpecial(java.lang.Object, java.lang.Object, java.lang.Object, java.lang.Object, int, java.lang.Object)'> (0x00000000ebc5f4e8) 
thrown [s\src\hotspot\share\interpreter\linkResolver.cpp, line 773]
Event: 7.616 Thread 0x000002230651ba00 Exception <a 'java/lang/UnsatisfiedLinkError'{0x00000000ec0c7600}: 'void org.eclipse.equinox.launcher.JNIBridge._update_splash()'> (0x00000000ec0c7600) 
thrown [s\src\hotspot\share\prims\nativeLookup.cpp, line 415]
Event: 7.707 Thread 0x0000022362c1aed0 Exception <a 'java/lang/NullPointerException'{0x00000000eabea960}> (0x00000000eabea960) 
thrown [s\src\hotspot\share\interpreter\linkResolver.cpp, line 1372]
Event: 7.707 Thread 0x0000022362c1aed0 Exception <a 'java/lang/NullPointerException'{0x00000000eabeac40}> (0x00000000eabeac40) 
thrown [s\src\hotspot\share\interpreter\linkResolver.cpp, line 1372]
Event: 7.987 Thread 0x0000022362c1aed0 Exception <a 'java/io/FileNotFoundException'{0x00000000eb70cdc8}> (0x00000000eb70cdc8) 
thrown [s\src\hotspot\share\prims\jni.cpp, line 520]
Event: 8.084 Thread 0x0000022362c1aed0 Exception <a 'java/lang/NoSuchMethodError'{0x00000000eba05330}: 'java.lang.Object java.lang.invoke.Invokers$Holder.linkToTargetMethod(java.lang.Object, long, java.lang.Object)'> (0x00000000eba05330) 
thrown [s\src\hotspot\share\interpreter\linkResolver.cpp, line 773]
Event: 8.223 Thread 0x0000022362c1aed0 Exception <a 'java/lang/NoSuchMethodError'{0x00000000ebdc5680}: 'void java.lang.invoke.DirectMethodHandle$Holder.invokeInterface(java.lang.Object, java.lang.Object, java.lang.Object)'> (0x00000000ebdc5680) 
thrown [s\src\hotspot\share\interpreter\linkResolver.cpp, line 773]
Event: 8.263 Thread 0x0000022362c1aed0 Exception <a 'java/lang/NoSuchMethodError'{0x00000000ebfc7e08}: 'void java.lang.invoke.Invokers$Holder.invokeExact_MT(java.lang.Object, java.lang.Object, java.lang.Object)'> (0x00000000ebfc7e08) 
thrown [s\src\hotspot\share\interpreter\linkResolver.cpp, line 773]

ZGC Phase Switch (0 events):
No events

VM Operations (20 events):
Event: 0.908 Executing VM operation: ICBufferFull done
Event: 0.999 Executing VM operation: ParallelGCFailedAllocation (Allocation Failure)
Event: 1.008 Executing VM operation: ParallelGCFailedAllocation (Allocation Failure) done
Event: 1.354 Executing VM operation: HandshakeAllThreads (Deoptimize)
Event: 1.354 Executing VM operation: HandshakeAllThreads (Deoptimize) done
Event: 1.364 Executing VM operation: HandshakeAllThreads (Deoptimize)
Event: 1.364 Executing VM operation: HandshakeAllThreads (Deoptimize) done
Event: 1.399 Executing VM operation: HandshakeAllThreads (Deoptimize)
Event: 1.399 Executing VM operation: HandshakeAllThreads (Deoptimize) done
Event: 2.414 Executing VM operation: Cleanup
Event: 2.414 Executing VM operation: Cleanup done
Event: 7.685 Executing VM operation: ParallelGCFailedAllocation (Allocation Failure)
Event: 7.690 Executing VM operation: ParallelGCFailedAllocation (Allocation Failure) done
Event: 7.703 Executing VM operation: HandshakeAllThreads (Deoptimize)
Event: 7.703 Executing VM operation: HandshakeAllThreads (Deoptimize) done
Event: 7.819 Executing VM operation: HandshakeAllThreads (Deoptimize)
Event: 7.819 Executing VM operation: HandshakeAllThreads (Deoptimize) done
Event: 8.197 Executing VM operation: HandshakeAllThreads (Deoptimize)
Event: 8.197 Executing VM operation: HandshakeAllThreads (Deoptimize) done
Event: 9.198 Executing VM operation: Cleanup

Memory protections (0 events):
No events

Nmethod flushes (0 events):
No events

Events (20 events):
Event: 0.141 Thread 0x000002230651ba00 Thread added: 0x000002235d9856d0
Event: 0.141 Thread 0x000002230651ba00 Thread added: 0x000002235d987980
Event: 0.141 Thread 0x000002230651ba00 Thread added: 0x000002235d9895e0
Event: 0.141 Thread 0x000002230651ba00 Thread added: 0x000002235d98c040
Event: 0.141 Thread 0x000002230651ba00 Thread added: 0x000002235d98ca90
Event: 0.142 Thread 0x000002230651ba00 Thread added: 0x000002235d991aa0
Event: 0.142 Thread 0x000002230651ba00 Thread added: 0x000002235d9a82a0
Event: 0.165 Thread 0x000002230651ba00 Thread added: 0x000002235da71180
Event: 0.347 Thread 0x000002235d9a82a0 Thread added: 0x000002235dc88b80
Event: 0.457 Thread 0x000002230651ba00 Thread added: 0x000002236205ff10
Event: 1.114 Thread 0x000002235dc88b80 Thread exited: 0x000002235dc88b80
Event: 1.166 Thread 0x000002235d9a82a0 Thread added: 0x000002236219f100
Event: 1.344 Thread 0x000002230651ba00 Thread added: 0x0000022362805580
Event: 1.792 Thread 0x000002236219f100 Thread exited: 0x000002236219f100
Event: 7.609 Thread 0x000002230651ba00 Thread added: 0x0000022362c1a870
Event: 7.614 Thread 0x000002230651ba00 Thread added: 0x0000022362c1aed0
Event: 7.655 Thread 0x0000022362c1aed0 Thread added: 0x00000223621205a0
Event: 7.806 Thread 0x0000022362c1aed0 Thread added: 0x000002235db6c280
Event: 7.943 Thread 0x000002235d9a82a0 Thread added: 0x0000022362380080
Event: 8.230 Thread 0x0000022362c1aed0 Thread added: 0x00000223623335f0


Dynamic libraries:
0x00007ff63bac0000 - 0x00007ff63bace000 	c:\Users\nasee\.vscode\extensions\redhat.java-1.40.0-win32-x64\jre\21.0.6-win32-x86_64\bin\java.exe
0x00007ff88b020000 - 0x00007ff88b283000 	C:\windows\SYSTEM32\ntdll.dll
0x00007ff88a620000 - 0x00007ff88a6e7000 	C:\windows\System32\KERNEL32.DLL
0x00007ff8889d0000 - 0x00007ff888d99000 	C:\windows\System32\KERNELBASE.dll
0x00007ff888360000 - 0x00007ff8884ac000 	C:\windows\System32\ucrtbase.dll
0x00007ff83ad70000 - 0x00007ff83ad88000 	c:\Users\nasee\.vscode\extensions\redhat.java-1.40.0-win32-x64\jre\21.0.6-win32-x86_64\bin\jli.dll
0x00007ff839990000 - 0x00007ff8399ae000 	c:\Users\nasee\.vscode\extensions\redhat.java-1.40.0-win32-x64\jre\21.0.6-win32-x86_64\bin\VCRUNTIME140.dll
0x00007ff88ac70000 - 0x00007ff88ae3a000 	C:\windows\System32\USER32.dll
0x00007ff871ec0000 - 0x00007ff872150000 	C:\windows\WinSxS\amd64_microsoft.windows.common-controls_6595b64144ccf1df_6.0.26100.3323_none_3e088096e3344490\COMCTL32.dll
0x00007ff8888e0000 - 0x00007ff888907000 	C:\windows\System32\win32u.dll
0x00007ff88afb0000 - 0x00007ff88afda000 	C:\windows\System32\GDI32.dll
0x00007ff88a570000 - 0x00007ff88a619000 	C:\windows\System32\msvcrt.dll
0x00007ff888220000 - 0x00007ff888351000 	C:\windows\System32\gdi32full.dll
0x00007ff8884b0000 - 0x00007ff888553000 	C:\windows\System32\msvcp_win.dll
0x00007ff889e50000 - 0x00007ff889e7f000 	C:\windows\System32\IMM32.DLL
0x00007ff876940000 - 0x00007ff87694c000 	c:\Users\nasee\.vscode\extensions\redhat.java-1.40.0-win32-x64\jre\21.0.6-win32-x86_64\bin\vcruntime140_1.dll
0x00007ff813ac0000 - 0x00007ff813b4d000 	c:\Users\nasee\.vscode\extensions\redhat.java-1.40.0-win32-x64\jre\21.0.6-win32-x86_64\bin\msvcp140.dll
0x00007fffe3660000 - 0x00007fffe43f0000 	c:\Users\nasee\.vscode\extensions\redhat.java-1.40.0-win32-x64\jre\21.0.6-win32-x86_64\bin\server\jvm.dll
0x00007ff889e90000 - 0x00007ff889f42000 	C:\windows\System32\ADVAPI32.dll
0x00007ff88af00000 - 0x00007ff88afa6000 	C:\windows\System32\sechost.dll
0x00007ff88a8e0000 - 0x00007ff88a9f6000 	C:\windows\System32\RPCRT4.dll
0x00007ff88aaf0000 - 0x00007ff88ab64000 	C:\windows\System32\WS2_32.dll
0x00007ff886eb0000 - 0x00007ff886efe000 	C:\windows\SYSTEM32\POWRPROF.dll
0x00007ff87ab80000 - 0x00007ff87abb6000 	C:\windows\SYSTEM32\WINMM.dll
0x00007ff8802d0000 - 0x00007ff8802db000 	C:\windows\SYSTEM32\VERSION.dll
0x00007ff886e90000 - 0x00007ff886ea4000 	C:\windows\SYSTEM32\UMPDC.dll
0x00007ff887150000 - 0x00007ff88716a000 	C:\windows\SYSTEM32\kernel.appcore.dll
0x00007ff863340000 - 0x00007ff86334a000 	c:\Users\nasee\.vscode\extensions\redhat.java-1.40.0-win32-x64\jre\21.0.6-win32-x86_64\bin\jimage.dll
0x00007ff8038f0000 - 0x00007ff803b31000 	C:\windows\SYSTEM32\DBGHELP.DLL
0x00007ff88a1e0000 - 0x00007ff88a562000 	C:\windows\System32\combase.dll
0x00007ff88aa00000 - 0x00007ff88aad6000 	C:\windows\System32\OLEAUT32.dll
0x00007ff801670000 - 0x00007ff8016a9000 	C:\windows\SYSTEM32\dbgcore.DLL
0x00007ff888da0000 - 0x00007ff888e39000 	C:\windows\System32\bcryptPrimitives.dll
0x00007ff861080000 - 0x00007ff86108f000 	c:\Users\nasee\.vscode\extensions\redhat.java-1.40.0-win32-x64\jre\21.0.6-win32-x86_64\bin\instrument.dll
0x00007ff838050000 - 0x00007ff83806f000 	c:\Users\nasee\.vscode\extensions\redhat.java-1.40.0-win32-x64\jre\21.0.6-win32-x86_64\bin\java.dll
0x00007ff8895b0000 - 0x00007ff889cc5000 	C:\windows\System32\SHELL32.dll
0x00007ff888770000 - 0x00007ff8888d8000 	C:\windows\System32\wintypes.dll
0x00007ff885ee0000 - 0x00007ff886725000 	C:\windows\SYSTEM32\windows.storage.dll
0x00007ff88a0f0000 - 0x00007ff88a1db000 	C:\windows\System32\SHCORE.dll
0x00007ff8894b0000 - 0x00007ff88950d000 	C:\windows\System32\shlwapi.dll
0x00007ff888130000 - 0x00007ff88815f000 	C:\windows\SYSTEM32\profapi.dll
0x00007ff837e10000 - 0x00007ff837e28000 	c:\Users\nasee\.vscode\extensions\redhat.java-1.40.0-win32-x64\jre\21.0.6-win32-x86_64\bin\zip.dll
0x00007ff85cd90000 - 0x00007ff85cda0000 	C:\Users\nasee\.vscode\extensions\redhat.java-1.40.0-win32-x64\jre\21.0.6-win32-x86_64\bin\net.dll
0x00007ff8816b0000 - 0x00007ff8817ce000 	C:\windows\SYSTEM32\WINHTTP.dll
0x00007ff887670000 - 0x00007ff8876da000 	C:\windows\system32\mswsock.dll
0x00007ff834070000 - 0x00007ff834086000 	C:\Users\nasee\.vscode\extensions\redhat.java-1.40.0-win32-x64\jre\21.0.6-win32-x86_64\bin\nio.dll
0x00007ff85b880000 - 0x00007ff85b890000 	c:\Users\nasee\.vscode\extensions\redhat.java-1.40.0-win32-x64\jre\21.0.6-win32-x86_64\bin\verify.dll
0x00007ff82d790000 - 0x00007ff82d7d5000 	C:\Users\nasee\AppData\Roaming\Code\User\globalStorage\redhat.java\1.40.0\config_ss_win\org.eclipse.equinox.launcher\org.eclipse.equinox.launcher.win32.win32.x86_64_1.2.1200.v20250212-0927\eclipse_11909.dll
0x00007ff889f50000 - 0x00007ff88a0e5000 	C:\windows\System32\ole32.dll

dbghelp: loaded successfully - version: 4.0.5 - missing functions: none
symbol engine: initialized successfully - sym options: 0x614 - pdb path: .;c:\Users\nasee\.vscode\extensions\redhat.java-1.40.0-win32-x64\jre\21.0.6-win32-x86_64\bin;C:\windows\SYSTEM32;C:\windows\WinSxS\amd64_microsoft.windows.common-controls_6595b64144ccf1df_6.0.26100.3323_none_3e088096e3344490;c:\Users\nasee\.vscode\extensions\redhat.java-1.40.0-win32-x64\jre\21.0.6-win32-x86_64\bin\server;C:\Users\nasee\AppData\Roaming\Code\User\globalStorage\redhat.java\1.40.0\config_ss_win\org.eclipse.equinox.launcher\org.eclipse.equinox.launcher.win32.win32.x86_64_1.2.1200.v20250212-0927

VM Arguments:
jvm_args: --add-modules=ALL-SYSTEM --add-opens=java.base/java.util=ALL-UNNAMED --add-opens=java.base/java.lang=ALL-UNNAMED --add-opens=java.base/sun.nio.fs=ALL-UNNAMED -Declipse.application=org.eclipse.jdt.ls.core.id1 -Dosgi.bundles.defaultStartLevel=4 -Declipse.product=org.eclipse.jdt.ls.core.product -Djava.import.generatesMetadataFilesAtProjectRoot=false -DDetectVMInstallationsJob.disabled=true -Dfile.encoding=utf8 -XX:+UseParallelGC -XX:GCTimeRatio=4 -XX:AdaptiveSizePolicyWeight=90 -Dsun.zip.disableMemoryMapping=true -Xmx1G -Xms100m -Xlog:disable -javaagent:c:\Users\nasee\.vscode\extensions\redhat.java-1.40.0-win32-x64\lombok\lombok-1.18.36.jar 
java_command: c:\Users\nasee\.vscode\extensions\redhat.java-1.40.0-win32-x64\server\plugins\org.eclipse.equinox.launcher_1.6.1000.v20250131-0606.jar -configuration c:\Users\nasee\AppData\Roaming\Code\User\globalStorage\redhat.java\1.40.0\config_ss_win -data c:\Users\nasee\AppData\Roaming\Code\User\workspaceStorage\4858f5f2ca982cef4f4fac2776ddaaa4\redhat.java\ss_ws --pipe=\\.\pipe\lsp-6dc880a1ce123915daccbaaa0ec20655-sock
java_class_path (initial): c:\Users\nasee\.vscode\extensions\redhat.java-1.40.0-win32-x64\server\plugins\org.eclipse.equinox.launcher_1.6.1000.v20250131-0606.jar
Launcher Type: SUN_STANDARD

[Global flags]
    uintx AdaptiveSizePolicyWeight                 = 90                                        {product} {command line}
     intx CICompilerCount                          = 4                                         {product} {ergonomic}
    uintx GCTimeRatio                              = 4                                         {product} {command line}
   size_t InitialHeapSize                          = 104857600                                 {product} {command line}
   size_t MaxHeapSize                              = 1073741824                                {product} {command line}
   size_t MaxNewSize                               = 357564416                                 {product} {ergonomic}
   size_t MinHeapDeltaBytes                        = 524288                                    {product} {ergonomic}
   size_t MinHeapSize                              = 104857600                                 {product} {command line}
   size_t NewSize                                  = 34603008                                  {product} {ergonomic}
    uintx NonNMethodCodeHeapSize                   = 5839372                                {pd product} {ergonomic}
    uintx NonProfiledCodeHeapSize                  = 122909434                              {pd product} {ergonomic}
   size_t OldSize                                  = 70254592                                  {product} {ergonomic}
    uintx ProfiledCodeHeapSize                     = 122909434                              {pd product} {ergonomic}
    uintx ReservedCodeCacheSize                    = 251658240                              {pd product} {ergonomic}
     bool SegmentedCodeCache                       = true                                      {product} {ergonomic}
   size_t SoftMaxHeapSize                          = 1073741824                             {manageable} {ergonomic}
     bool UseCompressedOops                        = true                           {product lp64_product} {ergonomic}
     bool UseLargePagesIndividualAllocation        = false                                  {pd product} {ergonomic}
     bool UseParallelGC                            = true                                      {product} {command line}

Logging:
Log output configuration:
 #0: stdout all=off uptime,level,tags foldmultilines=false
 #1: stderr all=off uptime,level,tags foldmultilines=false

Environment Variables:
JAVA_HOME=C:\Program Files\Eclipse Adoptium\jdk-17.0.14.7-hotspot\
PATH=C:\Program Files\Eclipse Adoptium\jdk-17.0.14.7-hotspot\bin;C:\Program Files (x86)\Common Files\Oracle\Java\java8path;C:\Program Files (x86)\Common Files\Oracle\Java\javapath;C:\windows\system32;C:\windows;C:\windows\System32\Wbem;C:\windows\System32\WindowsPowerShell\v1.0\;C:\windows\System32\OpenSSH\;C:\Program Files (x86)\NVIDIA Corporation\PhysX\Common;C:\Program Files\NVIDIA Corporation\NVIDIA NvDLISR;C:\Users\Administrator\AppData\Local\Microsoft\WindowsApps;;C:\Program Files\HP\OMEN-Broadcast\Common;C:\Users\nasee\AppData\Local\Programs\Python\Launcher\;C:\Users\nasee\AppData\Local\Microsoft\WindowsApps;C:\Users\nasee\AppData\Local\Programs\Microsoft VS Code\bin
USERNAME=nasee
OS=Windows_NT
PROCESSOR_IDENTIFIER=AMD64 Family 25 Model 117 Stepping 2, AuthenticAMD
TMP=C:\Users\nasee\AppData\Local\Temp
TEMP=C:\Users\nasee\AppData\Local\Temp




Periodic native trim disabled

---------------  S Y S T E M  ---------------

OS:
 Windows 11 , 64 bit Build 26100 (10.0.26100.3323)
OS uptime: 1 days 2:59 hours
Hyper-V role detected

CPU: total 12 (initial active 12) (12 cores per cpu, 2 threads per core) family 25 model 117 stepping 2 microcode 0xa705205, cx8, cmov, fxsr, ht, mmx, 3dnowpref, sse, sse2, sse3, ssse3, sse4a, sse4.1, sse4.2, popcnt, lzcnt, tsc, tscinvbit, avx, avx2, aes, erms, clmul, bmi1, bmi2, adx, avx512f, avx512dq, avx512cd, avx512bw, avx512vl, sha, fma, vzeroupper, avx512_vpopcntdq, avx512_vpclmulqdq, avx512_vaes, avx512_vnni, clflush, clflushopt, avx512_vbmi2, avx512_vbmi, hv, rdtscp, rdpid, fsrm, gfni, avx512_bitalg, f16c, cet_ss, avx512_ifma
Processor Information for processor 0
  Max Mhz: 4301, Current Mhz: 4301, Mhz Limit: 4301
Processor Information for processor 1
  Max Mhz: 4301, Current Mhz: 2483, Mhz Limit: 4301
Processor Information for processor 2
  Max Mhz: 4301, Current Mhz: 2483, Mhz Limit: 4301
Processor Information for processor 3
  Max Mhz: 4301, Current Mhz: 2483, Mhz Limit: 4301
Processor Information for processor 4
  Max Mhz: 4301, Current Mhz: 2483, Mhz Limit: 4301
Processor Information for processor 5
  Max Mhz: 4301, Current Mhz: 4301, Mhz Limit: 4301
Processor Information for processor 6
  Max Mhz: 4301, Current Mhz: 2483, Mhz Limit: 4301
Processor Information for processor 7
  Max Mhz: 4301, Current Mhz: 4301, Mhz Limit: 4301
Processor Information for processor 8
  Max Mhz: 4301, Current Mhz: 2483, Mhz Limit: 4301
Processor Information for processor 9
  Max Mhz: 4301, Current Mhz: 2483, Mhz Limit: 4301
Processor Information for processor 10
  Max Mhz: 4301, Current Mhz: 2483, Mhz Limit: 4301
Processor Information for processor 11
  Max Mhz: 4301, Current Mhz: 4301, Mhz Limit: 4301

Memory: 4k page, system-wide physical 7439M (383M free)
TotalPageFile size 29967M (AvailPageFile size 3M)
current process WorkingSet (physical memory assigned to process): 103M, peak: 103M
current process commit charge ("private bytes"): 221M, peak: 221M

vm_info: OpenJDK 64-Bit Server VM (21.0.6+7-LTS) for windows-amd64 JRE (21.0.6+7-LTS), built on 2025-01-21T00:00:00Z by "admin" with MS VC++ 17.7 (VS2022)

END.
